<?xml version="1.0" encoding="UTF-8"?>
<!-- Generated by org.testng.reporters.JUnitReportReporter -->
<testsuite hostname="lakshit-MacBook.local" failures="0" tests="1" name="zz.com.Demo2.Day1" time="7.308" errors="0" timestamp="2024-12-14T12:44:23 IST" skipped="0">
  <testcase classname="zz.com.Demo2.Day1" name="Day1" time="7.308"/>
</testsuite> <!-- zz.com.Demo2.Day1 -->
